Building DAG of jobs...
Using shell: /usr/bin/bash
Provided cores: 1
Rules claiming more threads will be scaled down.
Job counts:
	count	jobs
	1	check_data
	1	download_data
	1	download_header
	3

[Mon Mar 23 13:32:41 2020]
Job 1: Downloading data file CRND0103-2020-AK_Aleknagik_1_NNE.txt.

[Mon Mar 23 13:32:42 2020]
Finished job 1.
1 of 3 steps (33%) done

[Mon Mar 23 13:32:42 2020]
Job 2: Downloading header file HEADERS.txt.

[Mon Mar 23 13:32:42 2020]
Finished job 2.
2 of 3 steps (67%) done

[Mon Mar 23 13:32:42 2020]
Job 0: Checking data file CRND0103-2020-AK_Aleknagik_1_NNE.txt.

Touching output file data.ok.
[Mon Mar 23 13:32:42 2020]
Finished job 0.
3 of 3 steps (100%) done
Complete log: /uufs/chpc.utah.edu/common/home/u0424091/LectureSeries/Current/workflows-with-snakemake/Exercises/Exercises/.snakemake/log/2020-03-23T133241.686018.snakemake.log
