Building DAG of jobs...
Using shell: /usr/bin/bash
Provided cores: 1
Rules claiming more threads will be scaled down.
Job counts:
	count	jobs
	1	check_data
	1	download_data
	1	download_header
	3

[Mon Mar 23 13:24:47 2020]
rule download_data:
    output: CRND0103-2020-AK_Aleknagik_1_NNE.txt
    jobid: 1

[Mon Mar 23 13:24:48 2020]
Error in rule download_data:
    jobid: 1
    output: CRND0103-2020-AK_Aleknagik_1_NNE.txt
    shell:
        wget https://www1.ncdc.noaa.gov/pub/data/uscrn/products/daily01/CRND0103-2020-AK_Aleknagik_1_NNE.txt
        (exited with non-zero exit code)

Shutting down, this might take some time.
Exiting because a job execution failed. Look above for error message
Complete log: /uufs/chpc.utah.edu/common/home/u0424091/LectureSeries/Current/workflows-with-snakemake/Exercises/Exercises/.snakemake/log/2020-03-23T132447.952958.snakemake.log
