Building DAG of jobs...
Using shell: /usr/bin/bash
Provided cores: 1
Rules claiming more threads will be scaled down.
Job counts:
	count	jobs
	1	download_data
	1	plot_data
	2

[Tue Mar 24 07:18:31 2020]
Job 2: Downloading data file CRND0103-2020-AK_Aleknagik_1_NNE.txt.

[Tue Mar 24 07:18:32 2020]
Finished job 2.
1 of 2 steps (50%) done

[Tue Mar 24 07:18:32 2020]
Job 0: Plottting data.

[Tue Mar 24 07:18:34 2020]
Finished job 0.
2 of 2 steps (100%) done
Complete log: /uufs/chpc.utah.edu/common/home/u0424091/LectureSeries/Current/workflows-with-snakemake/Exercises/Exercise1/.snakemake/log/2020-03-24T071831.594204.snakemake.log
