Building DAG of jobs...
Using shell: /usr/bin/bash
Provided cores: 1
Rules claiming more threads will be scaled down.
Job counts:
	count	jobs
	1	download_data
	1	download_header
	1	plot_data
	3

[Tue Mar 24 07:15:33 2020]
Job 2: Downloading data file CRND0103-2020-AK_Aleknagik_1_NNE.txt.

[Tue Mar 24 07:15:34 2020]
Finished job 2.
1 of 3 steps (33%) done

[Tue Mar 24 07:15:34 2020]
Job 1: Downloading header file HEADERS.txt.

[Tue Mar 24 07:15:34 2020]
Finished job 1.
2 of 3 steps (67%) done

[Tue Mar 24 07:15:34 2020]
Job 0: Plottting data.

[Tue Mar 24 07:15:36 2020]
Finished job 0.
3 of 3 steps (100%) done
Complete log: /uufs/chpc.utah.edu/common/home/u0424091/LectureSeries/Current/workflows-with-snakemake/Exercises/Exercise1/.snakemake/log/2020-03-24T071533.586669.snakemake.log
